The design has assertions or cover properties.
The assertion browser can be used to view them. Click on the assertion toolbar button or use the menu 'Window->Panes->Assertion' to open it.
The file 'vcdplus.vpd' was opened successfully.
ok

The design has assertions or cover properties.
The assertion browser can be used to view them. Click on the assertion toolbar button or use the menu 'Window->Panes->Assertion' to open it.
The file 'vcdplus.vpd' was opened successfully.
The file '/home/nguyea9/ee478/Core/vcdplus.vpd' was opened successfully.
The file '/home/nguyea9/ee478/Core/vcdplus.vpd' was opened successfully.
The file '/home/nguyea9/ee478/Core/vcdplus.vpd' was opened successfully.
The file '/home/nguyea9/ee478/Core/vcdplus.vpd' was opened successfully.
The file '/home/nguyea9/ee478/Core/vcdplus.vpd' was opened successfully.
The file '/home/nguyea9/ee478/Core/vcdplus.vpd' was opened successfully.
Warning: [DVWW010] 
Seek hit end of values with no more matches.
Warning: [DVWW010] 
Seek hit end of values with no more matches.
Warning: [DVWW010] 
Seek hit end of values with no more matches.
Warning: [DVWW010] 
Seek hit end of values with no more matches.
Warning: [DVWW010] 
Seek hit end of values with no more matches.
The file '/home/nguyea9/ee478/Core/vcdplus.vpd' was opened successfully.
The file '/home/nguyea9/ee478/Core/vcdplus.vpd' was opened successfully.
The file '/home/nguyea9/ee478/Core/vcdplus.vpd' was opened successfully.
The file '/home/nguyea9/ee478/Core/vcdplus.vpd' was opened successfully.
The file '/home/nguyea9/ee478/Core/vcdplus.vpd' was opened successfully.
The file '/home/nguyea9/ee478/Core/vcdplus.vpd' was opened successfully.
The file '/home/nguyea9/ee478/Core/vcdplus.vpd' was opened successfully.
The file '/home/nguyea9/ee478/Core/vcdplus.vpd' was opened successfully.
The file '/home/nguyea9/ee478/Core/vcdplus.vpd' was opened successfully.
The file '/home/nguyea9/ee478/Core/vcdplus.vpd' was opened successfully.
The file '/home/nguyea9/ee478/Core/vcdplus.vpd' was opened successfully.
The file '/home/nguyea9/ee478/Core/vcdplus.vpd' was opened successfully.
The file '/home/nguyea9/ee478/Core/vcdplus.vpd' was opened successfully.
