# Preference setting overrides
gui_create_pref_key -category {Globals} -key {load_detail_for_funcov} -value_type {bool} -value {false}

# State setting overrides
gui_state_default_create -off -ini
gui_set_state_value -category Globals -key recent_databases -value {{gui_open_db -file vcdplus.vpd -design V1} {gui_open_db -file vcdplus.vpd} {gui_open_db -file /home/nguyea9/ee478/Core/vcdplus.vpd -design V1} {gui_open_db -file /home/nguyea9/ee478/fpu/vcdplus.vpd -design V1} {gui_open_db -file /home/nguyea9/messy/vcdplus.vpd -design V1}}
gui_set_state_value -category Globals -key recent_sessions -value {{gui_load_session -ignore_errors -file /home/nguyea9/ee478/fpu/session.vcdplus.vpd.tcl -ignore_errors} {gui_load_session -ignore_errors -file /home/nguyea9/ee478/Core/fixed.vcdplus.vpd.tcl -ignore_errors} {gui_load_session -ignore_errors -file /home/nguyea9/ee478/Core/session.vcdplus.vpd.tcl -ignore_errors} {gui_load_session -ignore_errors -file /home/nguyea9/ee478/fpu/fp_add.tcl} {gui_load_session -ignore_errors -file /home/nguyea9/ee478/fpu/session.vcdplus.vpd.tcl}}
gui_set_state_value -category Layout -key child_console_size_x -value 581
gui_set_state_value -category Layout -key child_console_size_y -value 228
gui_set_state_value -category Layout -key child_data_coltype -value 110
gui_set_state_value -category Layout -key child_data_colvalue -value 63
gui_set_state_value -category Layout -key child_data_colvariable -value 208
gui_set_state_value -category Layout -key child_data_docknewline -value false
gui_set_state_value -category Layout -key child_data_dockstate -value undocked
gui_set_state_value -category Layout -key child_data_pos_x -value {-2}
gui_set_state_value -category Layout -key child_data_pos_y -value {-15}
gui_set_state_value -category Layout -key child_data_showstate -value maximized
gui_set_state_value -category Layout -key child_data_size_x -value 390
gui_set_state_value -category Layout -key child_data_size_y -value 287
gui_set_state_value -category Layout -key child_hier_col3 -value {-1}
gui_set_state_value -category Layout -key child_hier_colhier -value 261
gui_set_state_value -category Layout -key child_hier_colpd -value 0
gui_set_state_value -category Layout -key child_hier_coltype -value 94
gui_set_state_value -category Layout -key child_hier_size_x -value 195
gui_set_state_value -category Layout -key child_hier_size_y -value 292
gui_set_state_value -category Layout -key child_source_docknewline -value false
gui_set_state_value -category Layout -key child_source_pos_x -value {-2}
gui_set_state_value -category Layout -key child_source_pos_y -value {-15}
gui_set_state_value -category Layout -key child_source_size_x -value 128
gui_set_state_value -category Layout -key child_source_size_y -value 413
gui_set_state_value -category Layout -key child_wave_colname -value 187
gui_set_state_value -category Layout -key child_wave_colvalue -value 84
gui_set_state_value -category Layout -key child_wave_docknewline -value false
gui_set_state_value -category Layout -key child_wave_left -value 275
gui_set_state_value -category Layout -key child_wave_pos_x -value {-2}
gui_set_state_value -category Layout -key child_wave_pos_y -value {-15}
gui_set_state_value -category Layout -key child_wave_right -value 513
gui_set_state_value -category Layout -key child_wave_size_x -value 1005
gui_set_state_value -category Layout -key child_wave_size_y -value 516
gui_set_state_value -category Layout -key main_pos_x -value 380
gui_set_state_value -category Layout -key main_pos_y -value 270
gui_set_state_value -category Layout -key main_size_x -value 1099
gui_set_state_value -category Layout -key main_size_y -value 969
gui_set_state_value -category Layout -key stand_source_child_docknewline -value false
gui_set_state_value -category Layout -key stand_source_child_size_x -value 364
gui_set_state_value -category Layout -key stand_source_child_size_y -value 294
gui_set_state_value -category Layout -key stand_wave_child_docknewline -value false
gui_set_state_value -category Layout -key stand_wave_child_pos_x -value {-2}
gui_set_state_value -category Layout -key stand_wave_child_pos_y -value {-15}
gui_set_state_value -category Layout -key stand_wave_child_size_x -value 798
gui_set_state_value -category Layout -key stand_wave_child_size_y -value 600
gui_set_state_value -category Layout -key stand_wave_top_pos_x -value 0
gui_set_state_value -category Layout -key stand_wave_top_pos_y -value 97
gui_set_state_value -category Layout -key stand_wave_top_size_x -value 793
gui_set_state_value -category Layout -key stand_wave_top_size_y -value 835
gui_create_state_key -category FindDialog -key m_pMatchCase -value_type bool -value false
gui_create_state_key -category FindDialog -key m_pMatchWord -value_type bool -value false
gui_create_state_key -category FindDialog -key m_pUseCombo -value_type string -value {}
gui_create_state_key -category FindDialog -key m_pWrapAround -value_type bool -value true
gui_create_state_key -category Widget_History -key TopLevel.1|qt_left_dock|DockWnd1|HSPane.1|pages|Hier.1|hbox|textfilter -value_type string -value {addr mem mem_model {}}
gui_create_state_key -category Widget_History -key TopLevel.1|qt_left_dock|DockWnd2|DLPane.1|pages|Data.1|hbox|textfilter -value_type string -value {rf *rf *addr}
gui_create_state_key -category Widget_History -key TopLevel.1|qt_left_dock|DockWnd4|DLPane.1|pages|Data.1|hbox|textfilter -value_type string -value {*which *wh}
gui_create_state_key -category Widget_History -key TopLevel.2|EkTopVbox|wndWorkspace|qt_workspacechild2|Wave.1|left|filterVBox|controlHBox|unnamed -value_type string -value *mem_model
gui_create_state_key -category Widget_History -key TopLevel.2|EkTopVbox|wndWorkspace|qt_workspacechild4|Wave.1|left|filterVBox|controlHBox|unnamed -value_type string -value *MEM
gui_state_default_create -off

# Begin command logging
gui_open_db -file vcdplus.vpd
gui_wv_zoom_timerange -id  Wave.1 0 987805
gui_wv_zoom_timerange -id  Wave.1 0 986945
gui_wv_zoom_timerange -id  Wave.1 0 770970
gui_wv_zoom_timerange -id  Wave.1 0 741714
gui_wv_zoom_timerange -id  Wave.1 0 669436
gui_wv_zoom_timerange -id  Wave.1 0 602320
gui_wv_zoom_timerange -id  Wave.1 0 554995
gui_wv_zoom_timerange -id  Wave.1 0 510251
gui_wv_zoom_timerange -id  Wave.1 0 369997
gui_wv_scroll_vslidermove -id  Wave.1 1085
gui_list_expand -id  Data.1   {cpuStim.testCpu.instructionMemory.mem[255:0][15:0]}
gui_list_select -id Data.1 -selected  { {cpuStim.testCpu.instructionMemory.mem[12][15:0]}   }
gui_list_select -id Data.1 { {cpuStim.testCpu.instructionMemory.mem[11][15:0]}  {cpuStim.testCpu.instructionMemory.mem[10][15:0]}  {cpuStim.testCpu.instructionMemory.mem[9][15:0]}  {cpuStim.testCpu.instructionMemory.mem[8][15:0]}  {cpuStim.testCpu.instructionMemory.mem[7][15:0]}  {cpuStim.testCpu.instructionMemory.mem[6][15:0]}  {cpuStim.testCpu.instructionMemory.mem[5][15:0]}  {cpuStim.testCpu.instructionMemory.mem[4][15:0]}  {cpuStim.testCpu.instructionMemory.mem[3][15:0]}  {cpuStim.testCpu.instructionMemory.mem[2][15:0]}  {cpuStim.testCpu.instructionMemory.mem[1][15:0]}  {cpuStim.testCpu.instructionMemory.mem[0][15:0]}   }
gui_sg_create  Group1 
gui_list_add_group -id  Wave.1   {Group1} 
gui_list_add  -id  Wave.1   -after Group1 {{cpuStim.testCpu.instructionMemory.mem[12][15:0]} {cpuStim.testCpu.instructionMemory.mem[11][15:0]} {cpuStim.testCpu.instructionMemory.mem[10][15:0]} {cpuStim.testCpu.instructionMemory.mem[9][15:0]} {cpuStim.testCpu.instructionMemory.mem[8][15:0]} {cpuStim.testCpu.instructionMemory.mem[7][15:0]} {cpuStim.testCpu.instructionMemory.mem[6][15:0]} {cpuStim.testCpu.instructionMemory.mem[5][15:0]} {cpuStim.testCpu.instructionMemory.mem[4][15:0]} {cpuStim.testCpu.instructionMemory.mem[3][15:0]} {cpuStim.testCpu.instructionMemory.mem[2][15:0]} {cpuStim.testCpu.instructionMemory.mem[1][15:0]} {cpuStim.testCpu.instructionMemory.mem[0][15:0]}}
gui_marker_move -id  Wave.1 C1 177254
gui_marker_select -id  Wave.1 { C1 }
gui_marker_move -id  Wave.1 C1 0
gui_list_expand -id  Wave.1   {cpuStim.testCpu.instructionMemory.mem[10][15:0]}
gui_wv_scrolldown -id  Wave.1  line
gui_wv_scroll_vslidermove -id  Wave.1 1835
gui_list_expand -id  Wave.1   {cpuStim.testCpu.instructionMemory.mem[0][15:0]}
gui_wv_scroll_vslidermove -id  Wave.1 1857
gui_wv_scroll_vslidermove -id  Wave.1 1563
gui_list_select -id Wave.1 -selected  { {cpuStim.testCpu.instructionMemory.mem[10][15]}   }
gui_list_select -id Wave.1 -selected  { {cpuStim.testCpu.instructionMemory.mem[10][11]}   }
gui_list_select -id Wave.1 -selected  { {cpuStim.testCpu.instructionMemory.mem[10][0]}   }
gui_wv_scrolldown -id  Wave.1  line
gui_wv_scrolldown -id  Wave.1  line
gui_save_session -reload -default_file
gui_set_pref_value -category {Globals} -key {use_mhpi_lookup} -value {false}
gui_set_pref_value -category {Globals} -key {use_mhpi_lookup} -value {true}
gui_marker_move -id  Wave.1 C1 176394
gui_wv_scroll_vslidermove -id  Wave.1 2235
gui_wv_scroll_vslidermove -id  Wave.1 0
gui_marker_move -id  Wave.1 C1 0
gui_save_session -reload -default_file
gui_set_pref_value -category {Globals} -key {use_mhpi_lookup} -value {false}
gui_set_pref_value -category {Globals} -key {use_mhpi_lookup} -value {true}
gui_marker_move -id  Wave.1 C1 185000
gui_marker_move -id  Wave.1 C1 191882
gui_save_session -reload -default_file
gui_set_pref_value -category {Globals} -key {use_mhpi_lookup} -value {false}
gui_set_pref_value -category {Globals} -key {use_mhpi_lookup} -value {true}
gui_marker_move -id  Wave.1 C1 155000
gui_wv_scroll_vslidermove -id  Wave.1 0
gui_marker_move -id  Wave.1 C1 235000
gui_save_session -reload -default_file
gui_set_pref_value -category {Globals} -key {use_mhpi_lookup} -value {false}
gui_set_pref_value -category {Globals} -key {use_mhpi_lookup} -value {true}
gui_marker_move -id  Wave.1 C1 115050
gui_marker_move -id  Wave.1 C1 285000
gui_save_session -reload -default_file
gui_set_pref_value -category {Globals} -key {use_mhpi_lookup} -value {false}
gui_set_pref_value -category {Globals} -key {use_mhpi_lookup} -value {true}
gui_marker_move -id  Wave.1 C1 120000
gui_marker_move -id  Wave.1 C1 315000
gui_save_session -reload -default_file
gui_set_pref_value -category {Globals} -key {use_mhpi_lookup} -value {false}
gui_set_pref_value -category {Globals} -key {use_mhpi_lookup} -value {true}
gui_marker_move -id  Wave.1 C1 325000
gui_wv_zoom_timerange -id  Wave.1 0 240928
gui_list_select -id Wave.1 -selected  { {cpuStim.testCpu.instr[15:0]}   }
gui_wv_scrollright -id  Wave.1  line
gui_wv_scrollright -id  Wave.1  line
gui_wv_scrollright -id  Wave.1  line
gui_wv_scrollright -id  Wave.1  line
gui_wv_scrollright -id  Wave.1  line
gui_wv_scrollright -id  Wave.1  line
gui_wv_scrollright -id  Wave.1  line
gui_wv_scrollright -id  Wave.1  line
gui_wv_scrollright -id  Wave.1  line
gui_wv_scrollright -id  Wave.1  line
gui_wv_scrollright -id  Wave.1  line
gui_seek_next -id Wave.1 -number 1 
gui_seek_next -id Wave.1 -number 1 
gui_seek_next -id Wave.1 -number 1 
gui_seek_next -id Wave.1 -number 1 
gui_seek_next -id Wave.1 -number 1 
gui_wv_scroll_vslidermove -id  Wave.1 1631
gui_list_select -id Data.1 -selected  { {cpuStim.testCpu.instructionMemory.mem[34][15:0]}   }
gui_list_select -id Data.1 { {cpuStim.testCpu.instructionMemory.mem[33][15:0]}  {cpuStim.testCpu.instructionMemory.mem[32][15:0]}  {cpuStim.testCpu.instructionMemory.mem[31][15:0]}  {cpuStim.testCpu.instructionMemory.mem[30][15:0]}  {cpuStim.testCpu.instructionMemory.mem[29][15:0]}  {cpuStim.testCpu.instructionMemory.mem[28][15:0]}  {cpuStim.testCpu.instructionMemory.mem[27][15:0]}  {cpuStim.testCpu.instructionMemory.mem[26][15:0]}  {cpuStim.testCpu.instructionMemory.mem[25][15:0]}  {cpuStim.testCpu.instructionMemory.mem[24][15:0]}  {cpuStim.testCpu.instructionMemory.mem[23][15:0]}  {cpuStim.testCpu.instructionMemory.mem[22][15:0]}   }
gui_wv_scroll_vslidermove -id  Wave.1 1388
gui_list_add  -id  Wave.1   -after Group1 {{cpuStim.testCpu.instructionMemory.mem[34][15:0]} {cpuStim.testCpu.instructionMemory.mem[33][15:0]} {cpuStim.testCpu.instructionMemory.mem[32][15:0]} {cpuStim.testCpu.instructionMemory.mem[31][15:0]} {cpuStim.testCpu.instructionMemory.mem[30][15:0]} {cpuStim.testCpu.instructionMemory.mem[29][15:0]} {cpuStim.testCpu.instructionMemory.mem[28][15:0]} {cpuStim.testCpu.instructionMemory.mem[27][15:0]} {cpuStim.testCpu.instructionMemory.mem[26][15:0]} {cpuStim.testCpu.instructionMemory.mem[25][15:0]} {cpuStim.testCpu.instructionMemory.mem[24][15:0]} {cpuStim.testCpu.instructionMemory.mem[23][15:0]} {cpuStim.testCpu.instructionMemory.mem[22][15:0]}}
gui_list_select -id Wave.1 -selected  { {cpuStim.testCpu.instructionMemory.mem[31][15:0]}   }
gui_wv_scroll_vslidermove -id  Wave.1 0
gui_wv_scroll_hslidermove -id  Wave.1 0
gui_wv_scroll_hslidermove -id  Wave.1 150
gui_wv_scroll_hslidermove -id  Wave.1 150
gui_wv_zoom_timerange -id  Wave.1 129069 662553
gui_wv_zoom_timerange -id  Wave.1 129069 1015341
gui_zoom -window Wave.1 -full
gui_save_session -reload -default_file
gui_set_pref_value -category {Globals} -key {use_mhpi_lookup} -value {false}
gui_set_pref_value -category {Globals} -key {use_mhpi_lookup} -value {true}
gui_marker_move -id  Wave.1 C1 10408
gui_zoom -window Wave.1 -full
gui_save_session -reload -default_file
gui_set_pref_value -category {Globals} -key {use_mhpi_lookup} -value {false}
gui_set_pref_value -category {Globals} -key {use_mhpi_lookup} -value {true}
gui_marker_move -id  Wave.1 C1 13010
gui_list_select -id Wave.1 -selected  { EXP:LineNum   }
gui_save_session -reload -default_file
gui_set_pref_value -category {Globals} -key {use_mhpi_lookup} -value {false}
gui_set_pref_value -category {Globals} -key {use_mhpi_lookup} -value {true}
gui_zoom -window Wave.1 -full
gui_marker_move -id  Wave.1 C1 206937
gui_save_session -reload -default_file
gui_set_pref_value -category {Globals} -key {use_mhpi_lookup} -value {false}
gui_set_pref_value -category {Globals} -key {use_mhpi_lookup} -value {true}
gui_wv_scroll_hslidermove -id  Wave.1 0
gui_wv_scroll_hslidermove -id  Wave.1 438
gui_marker_move -id  Wave.1 C1 325000
gui_wv_zoom_timerange -id  Wave.1 99932 207621
gui_wv_scroll_hslidermove -id  Wave.1 996
gui_wv_zoom_timerange -id  Wave.1 227243 336529
gui_wv_zoom_timerange -id  Wave.1 227243 339039
gui_wv_zoom_timerange -id  Wave.1 227243 340408
gui_wv_zoom_timerange -id  Wave.1 227243 340636
gui_wv_zoom_timerange -id  Wave.1 227243 341093
gui_wv_zoom_timerange -id  Wave.1 227243 341321
gui_wv_zoom_timerange -id  Wave.1 227243 342005
gui_wv_zoom_timerange -id  Wave.1 227243 342233
gui_wv_zoom_timerange -id  Wave.1 227243 343146
gui_wv_zoom_timerange -id  Wave.1 227243 344515
gui_wv_zoom_timerange -id  Wave.1 227243 303447
gui_list_select -id Wave.1 -selected  { {cpuStim.testCpu.instr[15:0]}   }
gui_wv_zoom_timerange -id  Wave.1 227243 305500
gui_wv_zoom_timerange -id  Wave.1 227243 307782
gui_wv_zoom_timerange -id  Wave.1 227243 315083
gui_wv_zoom_timerange -id  Wave.1 227243 317136
gui_wv_zoom_timerange -id  Wave.1 227243 320330
gui_wv_zoom_timerange -id  Wave.1 227243 320787
gui_wv_zoom_timerange -id  Wave.1 227243 321015
gui_wv_zoom_timerange -id  Wave.1 227243 321699
gui_wv_zoom_timerange -id  Wave.1 227243 321927
gui_wv_zoom_timerange -id  Wave.1 227243 322384
gui_wv_zoom_timerange -id  Wave.1 227243 322612
gui_wv_scroll_hslidermove -id  Wave.1 1050
gui_marker_move -id  Wave.1 C1 331053
gui_wv_zoom_timerange -id  Wave.1 239563 393796
gui_wv_zoom_timerange -id  Wave.1 239563 481180
gui_zoom -window Wave.1 -full
gui_wv_scroll_vslidermove -id  Wave.1 0
gui_save_session -reload -default_file
gui_set_pref_value -category {Globals} -key {use_mhpi_lookup} -value {false}
gui_set_pref_value -category {Globals} -key {use_mhpi_lookup} -value {true}
gui_marker_move -id  Wave.1 C1 0
gui_marker_move -id  Wave.1 C1 235000
gui_marker_move -id  Wave.1 C1 230925
gui_wv_zoom_timerange -id  Wave.1 0 208466
gui_wv_scroll_hslidermove -id  Wave.1 400
gui_marker_move -id  Wave.1 C1 235000
gui_marker_move -id  Wave.1 C1 215000
gui_marker_move -id  Wave.1 C1 222068
gui_marker_move -id  Wave.1 C1 220803
gui_save_session -reload -default_file
gui_set_pref_value -category {Globals} -key {use_mhpi_lookup} -value {false}
gui_set_pref_value -category {Globals} -key {use_mhpi_lookup} -value {true}
gui_zoom -window Wave.1 -full
gui_save_session -reload -default_file
gui_set_pref_value -category {Globals} -key {use_mhpi_lookup} -value {false}
gui_set_pref_value -category {Globals} -key {use_mhpi_lookup} -value {true}
gui_marker_move -id  Wave.1 C1 275000
gui_marker_move -id  Wave.1 C1 328900
gui_wv_zoom_timerange -id  Wave.1 0 334492
gui_wv_zoom_timerange -id  Wave.1 0 331950
gui_wv_zoom_timerange -id  Wave.1 0 329917
gui_wv_zoom_timerange -id  Wave.1 0 318733
gui_wv_zoom_timerange -id  Wave.1 0 310599
gui_wv_zoom_timerange -id  Wave.1 0 284165
gui_wv_zoom_timerange -id  Wave.1 0 282640
gui_wv_zoom_timerange -id  Wave.1 0 282132
gui_wv_zoom_timerange -id  Wave.1 0 281624
gui_wv_zoom_timerange -id  Wave.1 0 280099
gui_wv_zoom_timerange -id  Wave.1 0 279590
gui_wv_zoom_timerange -id  Wave.1 0 279082
gui_wv_zoom_timerange -id  Wave.1 0 278574
gui_wv_zoom_timerange -id  Wave.1 0 278065
gui_wv_zoom_timerange -id  Wave.1 0 277557
gui_wv_zoom_timerange -id  Wave.1 0 275015
gui_wv_zoom_timerange -id  Wave.1 0 273998
gui_wv_zoom_timerange -id  Wave.1 0 271965
gui_wv_zoom_timerange -id  Wave.1 0 268915
gui_wv_zoom_timerange -id  Wave.1 0 262815
gui_wv_zoom_timerange -id  Wave.1 0 260781
gui_wv_zoom_timerange -id  Wave.1 0 260273
gui_wv_zoom_timerange -id  Wave.1 0 259765
gui_wv_zoom_timerange -id  Wave.1 0 260273
gui_wv_zoom_timerange -id  Wave.1 0 261290
gui_wv_zoom_timerange -id  Wave.1 0 261798
gui_wv_zoom_timerange -id  Wave.1 0 262307
gui_wv_zoom_timerange -id  Wave.1 0 262815
gui_wv_zoom_timerange -id  Wave.1 0 263832
gui_wv_zoom_timerange -id  Wave.1 0 271457
gui_wv_zoom_timerange -id  Wave.1 0 276032
gui_wv_zoom_timerange -id  Wave.1 0 280099
gui_wv_zoom_timerange -id  Wave.1 0 283657
gui_wv_zoom_timerange -id  Wave.1 0 288232
gui_wv_zoom_timerange -id  Wave.1 0 296366
gui_wv_zoom_timerange -id  Wave.1 0 300432
gui_wv_zoom_timerange -id  Wave.1 0 312633
gui_wv_zoom_timerange -id  Wave.1 0 316191
gui_wv_zoom_timerange -id  Wave.1 0 318225
gui_wv_zoom_timerange -id  Wave.1 0 319750
gui_wv_zoom_timerange -id  Wave.1 0 320766
gui_wv_zoom_timerange -id  Wave.1 0 321783
gui_wv_zoom_timerange -id  Wave.1 0 323816
gui_wv_zoom_timerange -id  Wave.1 0 324325
gui_wv_zoom_timerange -id  Wave.1 0 324833
gui_wv_zoom_timerange -id  Wave.1 0 326866
gui_wv_zoom_timerange -id  Wave.1 0 327375
gui_wv_zoom_timerange -id  Wave.1 0 329408
gui_wv_zoom_timerange -id  Wave.1 0 330425
gui_wv_zoom_timerange -id  Wave.1 0 333475
gui_wv_zoom_timerange -id  Wave.1 0 337542
gui_wv_zoom_timerange -id  Wave.1 0 340083
gui_wv_zoom_timerange -id  Wave.1 0 340592
gui_wv_zoom_timerange -id  Wave.1 0 344659
gui_wv_zoom_timerange -id  Wave.1 0 346184
gui_wv_zoom_timerange -id  Wave.1 0 347200
gui_wv_zoom_timerange -id  Wave.1 0 350250
gui_wv_zoom_timerange -id  Wave.1 0 351775
gui_wv_zoom_timerange -id  Wave.1 0 352284
gui_wv_zoom_timerange -id  Wave.1 0 355334
gui_wv_zoom_timerange -id  Wave.1 0 357876
gui_wv_zoom_timerange -id  Wave.1 0 359401
gui_wv_zoom_timerange -id  Wave.1 0 360926
gui_wv_zoom_timerange -id  Wave.1 0 361942
gui_wv_zoom_timerange -id  Wave.1 0 362959
gui_wv_zoom_timerange -id  Wave.1 0 363467
gui_wv_zoom_timerange -id  Wave.1 0 363976
gui_list_expand -id  Wave.1   ALU
gui_list_select -id Wave.1 -selected  { {cpuStim.testCpu.aluBlock.adder_out[15:0]}   }
gui_list_select -id Wave.1 -selected  { {cpuStim.testCpu.aluBlock.Result[15:0]}   }
gui_list_select -id Wave.1 -selected  { {cpuStim.testCpu.aluBlock.a[15:0]}   }
gui_list_select -id Wave.1 -selected  { {cpuStim.testCpu.aluBlock.a[15:0]}  {cpuStim.testCpu.aluBlock.b[15:0]}   }
gui_list_select -id Wave.1 -selected  { {cpuStim.testCpu.aluBlock.Result[15:0]}  {cpuStim.testCpu.aluBlock.adder_out[15:0]}  {cpuStim.testCpu.aluBlock.temp_op[15:0]}  {cpuStim.testCpu.aluBlock.a[15:0]}   }
gui_list_select -id Wave.1 -selected  { {cpuStim.testCpu.aluBlock.Result[15:0]}   }
gui_list_select -id Wave.1 -selected  { {cpuStim.testCpu.aluBlock.Result[15:0]}  {cpuStim.testCpu.aluBlock.a[15:0]}   }
gui_list_select -id Wave.1 -selected  { {cpuStim.testCpu.aluBlock.Result[15:0]}  {cpuStim.testCpu.aluBlock.a[15:0]}  {cpuStim.testCpu.aluBlock.b[15:0]}   }
gui_list_set_selected_property -id Wave.1 -radix binary
gui_list_select -id Wave.1 -selected  { {cpuStim.testCpu.registers.MEM[14:0][15:0]}   }
gui_wv_zoom_timerange -id  Wave.1 0 364484
gui_wv_zoom_timerange -id  Wave.1 0 368551
gui_wv_zoom_timerange -id  Wave.1 0 369568
gui_wv_zoom_timerange -id  Wave.1 0 375159
gui_wv_zoom_timerange -id  Wave.1 0 379734
gui_wv_zoom_timerange -id  Wave.1 0 384310
gui_wv_zoom_timerange -id  Wave.1 0 384818
gui_wv_zoom_timerange -id  Wave.1 0 388376
gui_wv_zoom_timerange -id  Wave.1 0 389901
gui_wv_zoom_timerange -id  Wave.1 0 391426
gui_wv_zoom_timerange -id  Wave.1 0 391935
gui_zoom -window Wave.1 -full
gui_wv_scroll_vslidermove -id  Wave.1 1560
gui_wv_scroll_vslidermove -id  Wave.1 1715
gui_wv_scroll_vslidermove -id  Wave.1 1670
gui_list_collapse -id  Wave.1   Group1
gui_list_select -id Wave.1 -selected  { {cpuStim.testCpu.aluBlock.temp_op[15:0]}   }
gui_wv_scroll_vslidermove -id  Wave.1 724
gui_wv_scroll_vslidermove -id  Wave.1 136
gui_list_select -id Wave.1 -selected  { {cpuStim.testCpu.instr[15:0]}   }
gui_wv_zoom_timerange -id  Wave.1 0 334565
gui_wv_zoom_timerange -id  Wave.1 0 333262
gui_wv_zoom_timerange -id  Wave.1 0 332827
gui_wv_zoom_timerange -id  Wave.1 0 308930
gui_wv_zoom_timerange -id  Wave.1 0 283729
gui_wv_zoom_timerange -id  Wave.1 0 260266
gui_wv_zoom_timerange -id  Wave.1 0 239410
gui_wv_zoom_timerange -id  Wave.1 0 218988
gui_wv_zoom_timerange -id  Wave.1 0 216381
gui_wv_zoom_timerange -id  Wave.1 0 209429
gui_wv_zoom_timerange -id  Wave.1 0 208995
gui_wv_zoom_timerange -id  Wave.1 0 207691
gui_wv_zoom_timerange -id  Wave.1 0 206388
gui_wv_zoom_timerange -id  Wave.1 0 205953
gui_wv_zoom_timerange -id  Wave.1 0 206388
gui_wv_zoom_timerange -id  Wave.1 0 211167
gui_wv_zoom_timerange -id  Wave.1 0 213340
gui_wv_zoom_timerange -id  Wave.1 0 216816
gui_wv_zoom_timerange -id  Wave.1 0 218554
gui_wv_zoom_timerange -id  Wave.1 0 220726
gui_wv_zoom_timerange -id  Wave.1 0 222464
gui_wv_zoom_timerange -id  Wave.1 0 230285
gui_wv_zoom_timerange -id  Wave.1 0 236368
gui_wv_zoom_timerange -id  Wave.1 0 261135
gui_wv_zoom_timerange -id  Wave.1 0 264611
gui_wv_zoom_timerange -id  Wave.1 0 267652
gui_wv_zoom_timerange -id  Wave.1 0 277211
gui_wv_zoom_timerange -id  Wave.1 0 290681
gui_wv_zoom_timerange -id  Wave.1 0 312840
gui_wv_zoom_timerange -id  Wave.1 0 317185
gui_wv_zoom_timerange -id  Wave.1 0 324572
gui_wv_zoom_timerange -id  Wave.1 0 325441
gui_wv_zoom_timerange -id  Wave.1 0 327613
gui_wv_zoom_timerange -id  Wave.1 0 329351
gui_wv_zoom_timerange -id  Wave.1 0 329786
gui_wv_zoom_timerange -id  Wave.1 0 329351
gui_wv_zoom_timerange -id  Wave.1 0 328482
gui_wv_zoom_timerange -id  Wave.1 0 327613
gui_wv_zoom_timerange -id  Wave.1 0 319792
gui_wv_zoom_timerange -id  Wave.1 0 315013
gui_wv_zoom_timerange -id  Wave.1 0 299371
gui_wv_zoom_timerange -id  Wave.1 0 289377
gui_wv_zoom_timerange -id  Wave.1 0 275473
gui_wv_zoom_timerange -id  Wave.1 0 272432
gui_wv_zoom_timerange -id  Wave.1 0 261135
gui_wv_zoom_timerange -id  Wave.1 0 258093
gui_wv_zoom_timerange -id  Wave.1 0 253314
gui_wv_zoom_timerange -id  Wave.1 0 250707
gui_wv_zoom_timerange -id  Wave.1 0 248534
gui_wv_zoom_timerange -id  Wave.1 0 248100
gui_wv_zoom_timerange -id  Wave.1 0 247231
gui_wv_zoom_timerange -id  Wave.1 0 240713
gui_wv_zoom_timerange -id  Wave.1 0 238541
gui_wv_zoom_timerange -id  Wave.1 0 237237
gui_wv_zoom_timerange -id  Wave.1 0 234196
gui_wv_zoom_timerange -id  Wave.1 0 232458
gui_wv_zoom_timerange -id  Wave.1 0 231589
gui_wv_zoom_timerange -id  Wave.1 0 231154
gui_wv_zoom_timerange -id  Wave.1 0 230720
gui_wv_zoom_timerange -id  Wave.1 0 229851
gui_wv_zoom_timerange -id  Wave.1 0 230285
gui_wv_zoom_timerange -id  Wave.1 0 230720
gui_wv_zoom_timerange -id  Wave.1 0 231589
gui_wv_zoom_timerange -id  Wave.1 0 234196
gui_wv_zoom_timerange -id  Wave.1 0 236368
gui_wv_zoom_timerange -id  Wave.1 0 238541
gui_wv_zoom_timerange -id  Wave.1 0 238975
gui_wv_zoom_timerange -id  Wave.1 0 239410
gui_wv_zoom_timerange -id  Wave.1 0 239844
gui_wv_zoom_timerange -id  Wave.1 0 240279
gui_wv_zoom_timerange -id  Wave.1 0 241148
gui_wv_zoom_timerange -id  Wave.1 0 242451
gui_wv_zoom_timerange -id  Wave.1 0 245058
gui_wv_zoom_timerange -id  Wave.1 0 248534
gui_wv_zoom_timerange -id  Wave.1 0 253748
gui_wv_zoom_timerange -id  Wave.1 0 259831
gui_wv_zoom_timerange -id  Wave.1 0 260700
gui_wv_zoom_timerange -id  Wave.1 0 268956
gui_wv_zoom_timerange -id  Wave.1 0 269825
gui_wv_zoom_timerange -id  Wave.1 0 272866
gui_wv_zoom_timerange -id  Wave.1 0 273301
gui_wv_zoom_timerange -id  Wave.1 0 273735
gui_wv_zoom_timerange -id  Wave.1 0 273301
gui_wv_zoom_timerange -id  Wave.1 0 271997
gui_wv_zoom_timerange -id  Wave.1 0 270694
gui_wv_zoom_timerange -id  Wave.1 0 265045
gui_wv_zoom_timerange -id  Wave.1 0 263307
gui_wv_zoom_timerange -id  Wave.1 0 259397
gui_wv_zoom_timerange -id  Wave.1 0 255486
gui_wv_zoom_timerange -id  Wave.1 0 252445
gui_wv_zoom_timerange -id  Wave.1 0 249403
gui_wv_zoom_timerange -id  Wave.1 0 245927
gui_wv_zoom_timerange -id  Wave.1 0 246362
gui_wv_zoom_timerange -id  Wave.1 0 246796
gui_wv_zoom_timerange -id  Wave.1 0 247231
gui_wv_zoom_timerange -id  Wave.1 0 217685
gui_wv_zoom_timerange -id  Wave.1 0 208995
gui_wv_zoom_timerange -id  Wave.1 0 208560
gui_wv_zoom_timerange -id  Wave.1 0 208126
gui_wv_zoom_timerange -id  Wave.1 0 207691
gui_wv_zoom_timerange -id  Wave.1 0 205519
gui_wv_zoom_timerange -id  Wave.1 0 200739
gui_wv_zoom_timerange -id  Wave.1 0 195091
gui_wv_zoom_timerange -id  Wave.1 0 189008
gui_wv_zoom_timerange -id  Wave.1 0 185097
gui_wv_zoom_timerange -id  Wave.1 0 184663
gui_wv_zoom_timerange -id  Wave.1 0 185097
gui_wv_zoom_timerange -id  Wave.1 0 186401
gui_wv_zoom_timerange -id  Wave.1 0 187704
gui_wv_zoom_timerange -id  Wave.1 0 176842
gui_wv_scroll_hslidermove -id  Wave.1 364
gui_wv_scroll_vslidermove -id  Wave.1 567
gui_wv_scroll_vslidermove -id  Wave.1 605
gui_list_collapse -id  Wave.1   {cpuStim.testCpu.registers.MEM[14:0][15:0]}
gui_list_select -id Wave.1 -selected  { {cpuStim.testCpu.registers.rd_data_0[15:0]}   }
gui_list_select -id Wave.1 -selected  { {cpuStim.testCpu.registers.rd_data_0[15:0]}  {cpuStim.testCpu.registers.rd_data_1[15:0]}   }
gui_list_set_selected_property -id Wave.1 -radix binary
gui_list_select -id Wave.1 -selected  { {cpuStim.testCpu.registers.wr_addr[3:0]}   }
gui_marker_move -id  Wave.1 C1 332827
gui_wv_scroll_vslidermove -id  Wave.1 888
gui_wv_scroll_vslidermove -id  Wave.1 795
gui_list_select -id Wave.1 -selected  { {cpuStim.testCpu.aluBlock.a[15:0]}   }
gui_list_select -id Wave.1 -selected  { {cpuStim.testCpu.aluBlock.b[15:0]}   }
gui_list_expand -id  Wave.1   Control
gui_list_select -id Wave.1 -selected  { cpuStim.testCpu.controlUnit.selOpA   }
gui_list_select -id Wave.1 -selected  { {cpuStim.testCpu.controlUnit.selOpB[2:0]}   }
gui_list_collapse -id  Wave.1   Control
gui_list_select -id Wave.1 -selected  { {cpuStim.testCpu.aluBlock.b[15:0]}   }
gui_zoom -window Wave.1 -factor 2
gui_zoom -window Wave.1 -factor 0.5
gui_marker_move -id  Wave.1 C1 334135
gui_marker_move -id  Wave.1 C1 331963
gui_list_collapse -id  Wave.1   Regfile
gui_list_select -id Hier.1 -current_item_name cpuStim.testCpu -current_item_type Scope  -selected  { cpuStim.testCpu   }
gui_list_select -id Data.1 -selected  { {cpuStim.testCpu.opAE[15:0]}   }
gui_list_select -id Data.1 -selected  { {cpuStim.testCpu.opAE[15:0]}  {cpuStim.testCpu.opBE[15:0]}   }
gui_list_add  -id  Wave.1   -after cpuStim.testCpu.controlUnit.ALUorFPU {{cpuStim.testCpu.opAE[15:0]} {cpuStim.testCpu.opBE[15:0]}} 
gui_list_sort -id  Data.1   {Variable}
gui_list_select -id Data.1 -selected  { cpuStim.testCpu.Forward1   }
gui_list_add  -id  Wave.1   -after cpuStim.testCpu.controlUnit.ALUorFPU {{cpuStim.testCpu.Forward1}} 
gui_list_select -id Wave.1 -selected  { {cpuStim.testCpu.opAE[15:0]}   }
gui_list_select -id Wave.1 -selected  { {cpuStim.testCpu.opAE[15:0]}  {cpuStim.testCpu.opBE[15:0]}   }
gui_list_set_selected_property -id Wave.1 -radix binary
gui_marker_move -id  Wave.1 C1 295000
gui_list_select -id Data.1 -selected  { cpuStim.testCpu.Forward2   }
gui_list_add  -id  Wave.1   -after {cpuStim.testCpu.opAE[15:0]} {{cpuStim.testCpu.Forward2}} 
gui_list_select -id Wave.1 -selected  { {cpuStim.testCpu.opBE[15:0]}   }
gui_marker_move -id  Wave.1 C1 325000
gui_marker_move -id  Wave.1 C1 329790
gui_list_select -id Data.1 -selected  { {cpuStim.testCpu.reg2Addr[3:0]}   }
gui_list_select -id Data.1 -selected  { {cpuStim.testCpu.regWrData[15:0]}   }
gui_list_add  -id  Wave.1   -after {cpuStim.testCpu.opBE[15:0]} {{cpuStim.testCpu.regWrData[15:0]}} 
gui_list_select -id Wave.1 -selected  { {cpuStim.testCpu.regWrData[15:0]}   }
gui_list_move  -id  Wave.1    -sid  Wave.1   -after {cpuStim.testCpu.opAE[15:0]} {{cpuStim.testCpu.regWrData[15:0]}} 
gui_list_set_selected_property -id Wave.1 -radix binary
gui_wv_scroll_vslidermove -id  Wave.1 550
gui_wv_scroll_vslidermove -id  Wave.1 681
gui_list_expand -id  Wave.1   Regfile
gui_marker_move -id  Wave.1 C1 332397
gui_wv_scroll_vslidermove -id  Wave.1 857
gui_wv_scroll_vslidermove -id  Wave.1 525
gui_wv_scroll_vslidermove -id  Wave.1 147
gui_list_select -id Data.1 -selected  { {cpuStim.testCpu.ReadData2E[15:0]}   }
gui_list_add  -id  Wave.1   -after cpuStim.testCpu.Forward2 {{cpuStim.testCpu.ReadData2E[15:0]}} 
gui_list_select -id Wave.1 -selected  { {cpuStim.testCpu.ReadData2E[15:0]}   }
gui_list_set_selected_property -id Wave.1 -radix binary
gui_list_select -id Data.1 -selected  { {cpuStim.testCpu.selOpBE[2:0]}   }
gui_list_add  -id  Wave.1   -after {cpuStim.testCpu.ReadData2E[15:0]} {{cpuStim.testCpu.selOpBE[2:0]}} 
gui_list_select -id Wave.1 -selected  { {cpuStim.testCpu.selOpBE[2:0]}   }
gui_list_select -id Data.1 -selected  { {cpuStim.testCpu.selOpB[2:0]}   }
gui_list_add  -id  Wave.1   -after {cpuStim.testCpu.ReadData2E[15:0]} {{cpuStim.testCpu.selOpB[2:0]}} 
gui_list_select -id Wave.1 -selected  { {cpuStim.testCpu.selOpB[2:0]}   }
gui_save_session -reload -default_file
gui_set_pref_value -category {Globals} -key {use_mhpi_lookup} -value {false}
gui_set_pref_value -category {Globals} -key {use_mhpi_lookup} -value {true}
gui_marker_move -id  Wave.1 C1 235502
gui_wv_scroll_hslidermove -id  Wave.1 0
gui_wv_zoom_timerange -id  Wave.1 435 2607
gui_wv_zoom_timerange -id  Wave.1 438 480
gui_marker_move -id  Wave.1 C1 438
gui_wv_zoom_timerange -id  Wave.1 438 439
gui_wv_scroll_hslidermove -id  Wave.1 0
gui_wv_zoom_timerange -id  Wave.1 0 1
gui_wv_zoom_timerange -id  Wave.1 0 1
gui_wv_zoom_timerange -id  Wave.1 0 1791
gui_marker_move -id  Wave.1 C1 0
gui_marker_move -id  Wave.1 C1 0
gui_wv_scrollleft -id  Wave.1  line
gui_wv_scrollleft -id  Wave.1  line
gui_wv_scroll_hslidermove -id  Wave.1 0
gui_save_session -reload -default_file
gui_set_pref_value -category {Globals} -key {use_mhpi_lookup} -value {false}
gui_set_pref_value -category {Globals} -key {use_mhpi_lookup} -value {true}
gui_zoom -window Wave.1 -full
gui_wv_zoom_timerange -id  Wave.1 0 697985
gui_zoom -window Wave.1 -full
gui_marker_move -id  Wave.1 C1 215000
gui_marker_move -id  Wave.1 C1 127995
gui_list_select -id Wave.1 -selected  { {cpuStim.testCpu.aluBlock.ALUControl[2:0]}   }
gui_list_expand -id  Wave.1   Control
gui_list_collapse -id  Wave.1   Control
gui_list_select -id Wave.1 -selected  { {cpuStim.testCpu.registers.rd_data_0[15:0]}   }
gui_list_select -id Wave.1 -selected  { {cpuStim.testCpu.registers.rd_addr_0[3:0]}   }
gui_marker_move -id  Wave.1 C1 139057
gui_marker_move -id  Wave.1 C1 95000
gui_marker_move -id  Wave.1 C1 89281
gui_list_collapse -id  Wave.1   FPU
gui_list_select -id Wave.1 -selected  { {cpuStim.testCpu.instr[15:0]}   }
gui_list_select -id Wave.1 -selected  { {cpuStim.testCpu.registers.wr_addr[3:0]}   }
gui_list_select -id Wave.1 -selected  { {cpuStim.testCpu.registers.rd_addr_1[3:0]}   }
gui_list_select -id Wave.1 -selected  { {cpuStim.testCpu.registers.rd_addr_0[3:0]}   }
gui_wv_zoom_timerange -id  Wave.1 0 160784
gui_wv_zoom_timerange -id  Wave.1 0 135501
gui_marker_move -id  Wave.1 C1 105000
gui_wv_zoom_timerange -id  Wave.1 103107 106268
gui_zoom -window Wave.1 -factor 0.5
gui_zoom -window Wave.1 -factor 0.5
gui_zoom -window Wave.1 -factor 0.5
gui_zoom -window Wave.1 -factor 0.5
gui_zoom -window Wave.1 -factor 0.5
gui_zoom -window Wave.1 -factor 0.5
gui_zoom -window Wave.1 -factor 2
gui_marker_move -id  Wave.1 C1 102005
gui_list_select -id Wave.1 -selected  { {cpuStim.testCpu.instr[15:0]}   }
gui_marker_move -id  Wave.1 C1 108786
gui_wv_scroll_hslidermove -id  Wave.1 58
gui_marker_move -id  Wave.1 C1 75000
gui_marker_move -id  Wave.1 C1 88444
gui_marker_move -id  Wave.1 C1 91687
gui_list_select -id Wave.1 -selected  { {cpuStim.testCpu.aluBlock.b[15:0]}   }
gui_list_select -id Wave.1 -selected  { {cpuStim.testCpu.aluBlock.Result[15:0]}   }
gui_marker_move -id  Wave.1 C1 99057
gui_list_select -id Wave.1 -selected  { {cpuStim.testCpu.registers.wr_data[15:0]}   }
gui_list_set_selected_property -id Wave.1 -radix binary
gui_wv_scroll_vslidermove -id  Wave.1 785
gui_wv_scroll_vslidermove -id  Wave.1 687
gui_wv_scroll_hslidermove -id  Wave.1 793
gui_wv_scroll_vslidermove -id  Wave.1 769
gui_wv_scroll_vslidermove -id  Wave.1 658
gui_marker_move -id  Wave.1 C1 331370
eval gui_wv_zoom_timerange {-id Wave.1 0 331370}
gui_marker_move -id  Wave.1 C1 298523
gui_save_session -reload -default_file
gui_set_pref_value -category {Globals} -key {use_mhpi_lookup} -value {false}
gui_set_pref_value -category {Globals} -key {use_mhpi_lookup} -value {true}
gui_marker_move -id  Wave.1 C1 5797
gui_marker_move -id  Wave.1 C1 0
gui_wv_scroll_vslidermove -id  Wave.1 0
gui_save_session -reload -default_file
gui_set_pref_value -category {Globals} -key {use_mhpi_lookup} -value {false}
gui_set_pref_value -category {Globals} -key {use_mhpi_lookup} -value {true}
gui_marker_move -id  Wave.1 C1 305000
gui_wv_scroll_hslidermove -id  Wave.1 4
gui_marker_move -id  Wave.1 C1 333302
gui_wv_zoom_timerange -id  Wave.1 3864 336200
gui_wv_zoom_timerange -id  Wave.1 3864 337166
gui_wv_zoom_timerange -id  Wave.1 3864 338132
gui_wv_zoom_timerange -id  Wave.1 3864 342963
gui_wv_zoom_timerange -id  Wave.1 3864 344895
gui_wv_zoom_timerange -id  Wave.1 3864 353590
gui_wv_zoom_timerange -id  Wave.1 3864 368081
gui_wv_zoom_timerange -id  Wave.1 3864 375810
gui_wv_zoom_timerange -id  Wave.1 3864 382573
gui_wv_zoom_timerange -id  Wave.1 3864 385471
gui_wv_zoom_timerange -id  Wave.1 3864 392234
gui_wv_zoom_timerange -id  Wave.1 3864 395132
gui_wv_zoom_timerange -id  Wave.1 3864 396098
gui_list_expand -id  Hier.1   cpuStim.testCpu
gui_list_select -id Hier.1 -current_item_name cpuStim.testCpu.instructionMemory -current_item_type Scope  -selected  { cpuStim.testCpu.instructionMemory   }
gui_sg_create instructionMemory
gui_list_add_group -id  Wave.1   {instructionMemory} 
gui_list_add  -id  Wave.1   -after instructionMemory {{cpuStim.testCpu.instructionMemory}}
gui_list_select -id Wave.1 -selected  { instructionMemory   }
gui_list_select -id Wave.1 -selected  { {cpuStim.testCpu.instructionMemory.mem[255:0][15:0]}   }
gui_list_select -id Wave.1 -selected  { {cpuStim.testCpu.instructionMemory.instruction[15:0]}   }
gui_list_select -id Wave.1 -selected  { {cpuStim.testCpu.instructionMemory.address[15:0]}   }
gui_list_set_selected_property -id Wave.1 -radix decimal
gui_wv_zoom_timerange -id  Wave.1 3864 359386
gui_list_select -id Wave.1 -selected  { {cpuStim.testCpu.instructionMemory.instruction[15:0]}   }
gui_list_set_selected_property -id Wave.1 -radix binary
gui_list_expand -id  Wave.1   {cpuStim.testCpu.instructionMemory.mem[255:0][15:0]}
gui_list_select -id Wave.1 -selected  { {cpuStim.testCpu.instructionMemory.mem[59][15:0]}   }
gui_list_select -id Wave.1 -selected  { {cpuStim.testCpu.instructionMemory.mem[29][15:0]}   }
gui_list_select -id Wave.1 -selected  { {cpuStim.testCpu.instructionMemory.mem[30][15:0]}   }
gui_save_session -reload -default_file
gui_set_pref_value -category {Globals} -key {use_mhpi_lookup} -value {false}
gui_set_pref_value -category {Globals} -key {use_mhpi_lookup} -value {true}
gui_list_select -id Wave.1 -selected  { {cpuStim.testCpu.instructionMemory.mem[58][15:0]}   }
gui_wv_zoom_timerange -id  Wave.1 3864 632790
gui_zoom -window Wave.1 -full
gui_wv_scroll_vslidermove -id  Wave.1 0
gui_marker_move -id  Wave.1 C1 375000
gui_zoom -window Wave.1 -factor 2
gui_save_session -reload -default_file
gui_set_pref_value -category {Globals} -key {use_mhpi_lookup} -value {false}
gui_set_pref_value -category {Globals} -key {use_mhpi_lookup} -value {true}
gui_list_select -id Wave.1 -selected  { cpuStim.testCpu.clk   }
gui_wv_scroll_hslidermove -id  Wave.1 0
gui_wv_scroll_vslidermove -id  Wave.1 1990
gui_list_collapse -id  Wave.1   {cpuStim.testCpu.instructionMemory.mem[255:0][15:0]}
gui_list_collapse -id  Wave.1   instructionMemory
gui_wv_scroll_vslidermove -id  Wave.1 994
gui_list_collapse -id  Wave.1   Group1
gui_list_collapse -id  Wave.1   FlagsLatch
gui_list_collapse -id  Wave.1   ALU
gui_list_expand -id  Wave.1   {cpuStim.testCpu.registers.MEM[14:0][15:0]}
gui_wv_scroll_vslidermove -id  Wave.1 751
gui_wv_scroll_vslidermove -id  Wave.1 606
gui_marker_move -id  Wave.1 C1 40000
gui_marker_move -id  Wave.1 C1 43468
gui_wv_scroll_vslidermove -id  Wave.1 0
gui_marker_move -id  Wave.1 C1 55000
gui_wv_scroll_vslidermove -id  Wave.1 489
gui_wv_scroll_vslidermove -id  Wave.1 0
gui_close_window -window TopLevel.2
