The design has assertions or cover properties.
The assertion browser can be used to view them. Click on the assertion toolbar button or use the menu 'Window->Panes->Assertion' to open it.
The file 'vcdplus.vpd' was opened successfully.
The design has assertions or cover properties.
The assertion browser can be used to view them. Click on the assertion toolbar button or use the menu 'Window->Panes->Assertion' to open it.
The file 'vcdplus.vpd' was opened successfully.
The design has assertions or cover properties.
The assertion browser can be used to view them. Click on the assertion toolbar button or use the menu 'Window->Panes->Assertion' to open it.
The file 'vcdplus.vpd' was opened successfully.
The design has assertions or cover properties.
The assertion browser can be used to view them. Click on the assertion toolbar button or use the menu 'Window->Panes->Assertion' to open it.
The file 'vcdplus.vpd' was opened successfully.
The file '/home/nguyea9/ee478/Core/vcdplus.vpd' was opened successfully.
The file '/home/nguyea9/ee478/Core/vcdplus.vpd' was opened successfully.
The file '/home/nguyea9/ee478/Core/vcdplus.vpd' was opened successfully.
The file '/home/nguyea9/ee478/Core/vcdplus.vpd' was opened successfully.
With selected criteria, DVE has found 'results at time 65000
    cpuStim.testCpu.instr[15:0]'.
With selected criteria, DVE has found 'results at time 25000
    cpuStim.testCpu.instr[15:0]'.
With selected criteria, DVE has found 'results at time 65000
    cpuStim.testCpu.instr[15:0]'.
Warning: [DVWW010] 
Seek hit end of values with no more matches.
Warning: [DVWW010] 
Seek hit end of values with no more matches.
The file '/home/nguyea9/ee478/Core/vcdplus.vpd' was opened successfully.
The file '/home/nguyea9/ee478/Core/vcdplus.vpd' was opened successfully.
Error: [DVAP037] 
Errors while sourcing the file '/home/nguyea9/ee478/Core/DVEfiles/session.tcl':

 Line 277: Specified signals (cpuStim.testCpu.registers.MEM[15]) not found.
 Line 278: Specified signals (cpuStim.testCpu.registers.MEM[15]) not found.
 Line 279: Specified signals (cpuStim.testCpu.registers.MEM[15]) not found..
The file '/home/nguyea9/ee478/Core/vcdplus.vpd' was opened successfully.
The file '/home/nguyea9/ee478/Core/vcdplus.vpd' was opened successfully.
The file '/home/nguyea9/ee478/Core/vcdplus.vpd' was opened successfully.
The file '/home/nguyea9/ee478/Core/vcdplus.vpd' was opened successfully.
The file '/home/nguyea9/ee478/Core/vcdplus.vpd' was opened successfully.
The file '/home/nguyea9/ee478/Core/vcdplus.vpd' was opened successfully.
The file '/home/nguyea9/ee478/Core/vcdplus.vpd' was opened successfully.
The file '/home/nguyea9/ee478/Core/vcdplus.vpd' was opened successfully.
Warning: [DVDP402] 
None of the children of the object 'cpuStim.testCpu.dataMemory.mem[65535:0][3:0]' were dumped.
Warning: [DVDP402] 
None of the children of the object 'cpuStim.testCpu.dataMemory.mem[65535:0][3:0]' were dumped.
