# Preference setting overrides
gui_create_pref_key -category {Globals} -key {load_detail_for_funcov} -value_type {bool} -value {false}

# State setting overrides
gui_state_default_create -off -ini
gui_set_state_value -category Globals -key recent_databases -value {{gui_open_db -file vcdplus.vpd -design V1} {gui_open_db -file vcdplus.vpd} {gui_open_db -file /home/projects/ee478.2022spr/hoppii/cad0/sim/post-syn/vcdplus.vpd -design V1} {gui_open_db -file /home/projects/ee478.2022spr/hoppii/cad0/sapr/syn/vcdplus.vpd -design V1} {gui_open_db -file /home/projects/ee478.2022spr/hoppii/cad0/sim/pre-syn/vcdplus.vpd -design V1}}
gui_set_state_value -category Globals -key recent_sessions -value {{gui_load_session -ignore_errors -file /home/projects/ee478.2022spr/hoppii/BarelyFLOATing/Core/session.vcdplus.vpd.tcl} {gui_load_session -ignore_errors -file /home/hoppii/ee477/final/sim/pre-syn/session.vcdplus.vpd.tcl -ignore_errors} {gui_load_session -ignore_errors -file /home/hoppii/ee477/final/sim/pre-syn/session.vcdplus.vpd.tcl}}
gui_set_state_value -category Globals -key recent_tcl_scripts -value {{gui_dve_source -global /home/projects/ee478.2022spr/hoppii/BarelyFLOATing/Core/session.vcdplus.vpd.tcl}}
gui_set_state_value -category Layout -key child_console_size_x -value 747
gui_set_state_value -category Layout -key child_console_size_y -value 153
gui_set_state_value -category Layout -key child_data_coltype -value 94
gui_set_state_value -category Layout -key child_data_colvalue -value 105
gui_set_state_value -category Layout -key child_data_colvariable -value 194
gui_set_state_value -category Layout -key child_data_size_x -value 391
gui_set_state_value -category Layout -key child_data_size_y -value 500
gui_set_state_value -category Layout -key child_driver_size_x -value 1623
gui_set_state_value -category Layout -key child_driver_size_y -value 179
gui_set_state_value -category Layout -key child_hier_col3 -value {-1}
gui_set_state_value -category Layout -key child_hier_colhier -value 255
gui_set_state_value -category Layout -key child_hier_colpd -value 0
gui_set_state_value -category Layout -key child_hier_coltype -value 88
gui_set_state_value -category Layout -key child_hier_size_x -value 366
gui_set_state_value -category Layout -key child_hier_size_y -value 500
gui_set_state_value -category Layout -key child_hier_sort_order -value 1
gui_set_state_value -category Layout -key child_memory_docknewline -value false
gui_set_state_value -category Layout -key child_memory_pos_x -value {-2}
gui_set_state_value -category Layout -key child_memory_pos_y -value {-15}
gui_set_state_value -category Layout -key child_memory_size_x -value 128
gui_set_state_value -category Layout -key child_memory_size_y -value 495
gui_set_state_value -category Layout -key child_source_docknewline -value false
gui_set_state_value -category Layout -key child_source_pos_x -value {-2}
gui_set_state_value -category Layout -key child_source_pos_y -value {-15}
gui_set_state_value -category Layout -key child_source_size_x -value 187
gui_set_state_value -category Layout -key child_source_size_y -value 647
gui_set_state_value -category Layout -key child_wave_colname -value 325
gui_set_state_value -category Layout -key child_wave_colvalue -value 495
gui_set_state_value -category Layout -key child_wave_left -value 824
gui_set_state_value -category Layout -key child_wave_right -value 1730
gui_set_state_value -category Layout -key main_pos_x -value 529
gui_set_state_value -category Layout -key main_pos_y -value 188
gui_set_state_value -category Layout -key main_size_x -value 1276
gui_set_state_value -category Layout -key main_size_y -value 974
gui_set_state_value -category Layout -key stand_wave_child_docknewline -value false
gui_set_state_value -category Layout -key stand_wave_child_pos_x -value {-2}
gui_set_state_value -category Layout -key stand_wave_child_pos_y -value {-15}
gui_set_state_value -category Layout -key stand_wave_child_size_x -value 2564
gui_set_state_value -category Layout -key stand_wave_child_size_y -value 831
gui_set_state_value -category Layout -key stand_wave_top_pos_x -value 0
gui_set_state_value -category Layout -key stand_wave_top_pos_y -value 60
gui_set_state_value -category Layout -key stand_wave_top_size_x -value 2559
gui_set_state_value -category Layout -key stand_wave_top_size_y -value 977
gui_create_state_key -category FindDialog -key m_pMatchCase -value_type bool -value false
gui_create_state_key -category FindDialog -key m_pMatchWord -value_type bool -value false
gui_create_state_key -category FindDialog -key m_pUseCombo -value_type string -value {}
gui_create_state_key -category FindDialog -key m_pWrapAround -value_type bool -value true
gui_create_state_key -category Widget_History -key TopLevel.1|qt_left_dock|DockWnd4|DLPane.1|pages|Data.1|hbox|textfilter -value_type string -value {branchAddr brAddr BrAddr condBrAddr}
gui_state_default_create -off

# Begin command logging
gui_open_db -file vcdplus.vpd
gui_dve_source -global /home/projects/ee478.2022spr/hoppii/BarelyFLOATing/Core/session.vcdplus.vpd.tcl
gui_wv_zoom_timerange -id  Wave.1 19169 133783
gui_zoom -window Wave.1 -full
gui_wv_zoom_timerange -id  Wave.1 107050 118380
gui_zoom -window Wave.1 -full
gui_marker_select -id  Wave.1 { C1 }
gui_marker_move -id  Wave.1 C1 131523
gui_list_select -id Wave.1 -selected  { {cpuStim.testCpu.registers.MEM[4][15:0]}   }
gui_list_select -id Wave.1 -selected  { {cpuStim.testCpu.registers.MEM[7][15:0]}   }
gui_marker_move -id  Wave.1 C1 80763
gui_close_window -window TopLevel.2
