# Preference setting overrides
gui_create_pref_key -category {Globals} -key {load_detail_for_funcov} -value_type {bool} -value {false}

# State setting overrides
gui_state_default_create -off -ini
gui_set_state_value -category Globals -key recent_databases -value {{gui_open_db -file vcdplus.vpd -design V1} {gui_open_db -file vcdplus.vpd} {gui_open_db -file /home/projects/ee478.2022spr/hoppii/cad0/sim/post-syn/vcdplus.vpd -design V1} {gui_open_db -file /home/projects/ee478.2022spr/hoppii/cad0/sapr/syn/vcdplus.vpd -design V1} {gui_open_db -file /home/projects/ee478.2022spr/hoppii/cad0/sim/pre-syn/vcdplus.vpd -design V1}}
gui_set_state_value -category Globals -key recent_sessions -value {{gui_load_session -ignore_errors -file /home/projects/ee478.2022spr/hoppii/BarelyFLOATing/fpu/session.vcdplus.vpd.tcl} {gui_load_session -ignore_errors -file /home/projects/ee478.2022spr/hoppii/BarelyFLOATing/fpu/session.vcdplus.vpd.tcl -ignore_errors} {gui_load_session -ignore_errors -file /home/projects/ee478.2022spr/hoppii/BarelyFLOATing/Core/session.vcdplus.vpd.tcl} {gui_load_session -ignore_errors -file /home/projects/ee478.2022spr/hoppii/BarelyFLOATing/Core/session.vcdplus.vpd.tcl -ignore_errors} {gui_load_session -ignore_errors -file /home/projects/ee478.2022spr/hoppii/BarelyFLOATing/fpu/pipelined_add.tcl -ignore_errors}}
gui_set_state_value -category Globals -key recent_tcl_scripts -value {{gui_dve_source -global /home/projects/ee478.2022spr/hoppii/BarelyFLOATing/Core/session.vcdplus.vpd.tcl}}
gui_set_state_value -category Layout -key child_assertion_size_x -value 3347
gui_set_state_value -category Layout -key child_assertion_size_y -value 149
gui_set_state_value -category Layout -key child_console_size_x -value 1273
gui_set_state_value -category Layout -key child_console_size_y -value 231
gui_set_state_value -category Layout -key child_data_coltype -value 94
gui_set_state_value -category Layout -key child_data_colvalue -value 105
gui_set_state_value -category Layout -key child_data_colvariable -value 194
gui_set_state_value -category Layout -key child_data_showstate -value maximized
gui_set_state_value -category Layout -key child_data_size_x -value 387
gui_set_state_value -category Layout -key child_data_size_y -value 576
gui_set_state_value -category Layout -key child_driver_size_x -value 976
gui_set_state_value -category Layout -key child_driver_size_y -value 443
gui_set_state_value -category Layout -key child_hier_col3 -value {-1}
gui_set_state_value -category Layout -key child_hier_colhier -value 261
gui_set_state_value -category Layout -key child_hier_colpd -value 0
gui_set_state_value -category Layout -key child_hier_coltype -value 94
gui_set_state_value -category Layout -key child_hier_size_x -value 362
gui_set_state_value -category Layout -key child_hier_size_y -value 576
gui_set_state_value -category Layout -key child_hier_sort_order -value 1
gui_set_state_value -category Layout -key child_list_docknewline -value false
gui_set_state_value -category Layout -key child_list_down -value 686
gui_set_state_value -category Layout -key child_list_pos_x -value {-2}
gui_set_state_value -category Layout -key child_list_pos_y -value {-15}
gui_set_state_value -category Layout -key child_list_right -value 2056
gui_set_state_value -category Layout -key child_list_size_x -value 2216
gui_set_state_value -category Layout -key child_list_size_y -value 831
gui_set_state_value -category Layout -key child_memory_docknewline -value false
gui_set_state_value -category Layout -key child_memory_pos_x -value {-2}
gui_set_state_value -category Layout -key child_memory_pos_y -value {-15}
gui_set_state_value -category Layout -key child_memory_size_x -value 2564
gui_set_state_value -category Layout -key child_memory_size_y -value 831
gui_set_state_value -category Layout -key child_source_docknewline -value false
gui_set_state_value -category Layout -key child_source_pos_x -value {-2}
gui_set_state_value -category Layout -key child_source_pos_y -value {-15}
gui_set_state_value -category Layout -key child_source_size_x -value 527
gui_set_state_value -category Layout -key child_source_size_y -value 571
gui_set_state_value -category Layout -key child_wave_colname -value 172
gui_set_state_value -category Layout -key child_wave_colvalue -value 165
gui_set_state_value -category Layout -key child_wave_docknewline -value false
gui_set_state_value -category Layout -key child_wave_left -value 342
gui_set_state_value -category Layout -key child_wave_pos_x -value {-2}
gui_set_state_value -category Layout -key child_wave_pos_y -value {-15}
gui_set_state_value -category Layout -key child_wave_right -value 926
gui_set_state_value -category Layout -key child_wave_size_x -value 2389
gui_set_state_value -category Layout -key child_wave_size_y -value 831
gui_set_state_value -category Layout -key main_pos_x -value 3
gui_set_state_value -category Layout -key main_pos_y -value 60
gui_set_state_value -category Layout -key main_size_x -value 1276
gui_set_state_value -category Layout -key main_size_y -value 974
gui_set_state_value -category Layout -key stand_list_child_docknewline -value false
gui_set_state_value -category Layout -key stand_list_child_pos_x -value {-2}
gui_set_state_value -category Layout -key stand_list_child_pos_y -value {-15}
gui_set_state_value -category Layout -key stand_list_child_size_x -value 604
gui_set_state_value -category Layout -key stand_list_child_size_y -value 338
gui_set_state_value -category Layout -key stand_list_top_pos_x -value 503
gui_set_state_value -category Layout -key stand_list_top_pos_y -value 60
gui_set_state_value -category Layout -key stand_list_top_size_x -value 1102
gui_set_state_value -category Layout -key stand_list_top_size_y -value 559
gui_set_state_value -category Layout -key stand_source_child_docknewline -value false
gui_set_state_value -category Layout -key stand_source_child_showstate -value normal
gui_set_state_value -category Layout -key stand_source_child_size_x -value 364
gui_set_state_value -category Layout -key stand_source_child_size_y -value 294
gui_set_state_value -category Layout -key stand_wave_child_docknewline -value false
gui_set_state_value -category Layout -key stand_wave_child_pos_x -value {-2}
gui_set_state_value -category Layout -key stand_wave_child_pos_y -value {-15}
gui_set_state_value -category Layout -key stand_wave_child_size_x -value 1278
gui_set_state_value -category Layout -key stand_wave_child_size_y -value 802
gui_set_state_value -category Layout -key stand_wave_top_pos_x -value 1283
gui_set_state_value -category Layout -key stand_wave_top_pos_y -value 60
gui_set_state_value -category Layout -key stand_wave_top_size_x -value 2556
gui_set_state_value -category Layout -key stand_wave_top_size_y -value 974
gui_set_state_value -category SaveSession -key single_view_name -value Wave.1
gui_set_state_value -category SaveSession -key toplevel_window_name -value TopLevel.2
gui_create_state_key -category FindDialog -key m_pMatchCase -value_type bool -value false
gui_create_state_key -category FindDialog -key m_pMatchWord -value_type bool -value false
gui_create_state_key -category FindDialog -key m_pUseCombo -value_type string -value {}
gui_create_state_key -category FindDialog -key m_pWrapAround -value_type bool -value true
gui_create_state_key -category Widget_History -key TopLevel.1|qt_left_dock|DockWnd3|HSPane.1|pages|Hier.1|hbox|textfilter -value_type string -value {random cpuControl controlUnit {}}
gui_create_state_key -category Widget_History -key TopLevel.1|qt_left_dock|DockWnd4|DLPane.1|pages|Data.1|hbox|textfilter -value_type string -value {Flags* FlagsRegister* falgsReg flags}
gui_create_state_key -category SearchDialog -key MatchCase -value_type bool -value false
gui_create_state_key -category SearchDialog -key MatchWord -value_type bool -value true
gui_create_state_key -category SearchDialog -key SearchMode -value_type string -value Wildcards
gui_create_state_key -category SearchDialog -key UseCombo -value_type bool -value true
gui_state_default_create -off

# Begin command logging
gui_open_db -file vcdplus.vpd
gui_zoom -window Wave.1 -full
gui_marker_move -id  Wave.1 C1 1985363924
gui_close_window -window TopLevel.2
