# Preference setting overrides
gui_create_pref_key -category {Globals} -key {load_detail_for_funcov} -value_type {bool} -value {false}

# State setting overrides
gui_state_default_create -off -ini
gui_set_state_value -category Globals -key recent_databases -value {{gui_open_db -file vcdplus.vpd} {gui_open_db -file /home/nguyea9/ee478/Core/vcdplus.vpd -design V1} {gui_open_db -file vcdplus.vpd -design V1} {gui_open_db -file /home/nguyea9/ee478/fpu/vcdplus.vpd -design V1} {gui_open_db -file /home/nguyea9/messy/vcdplus.vpd -design V1}}
gui_set_state_value -category Globals -key recent_sessions -value {{gui_load_session -ignore_errors -file /home/nguyea9/ee478/fpu/session.vcdplus.vpd.tcl -ignore_errors} {gui_load_session -ignore_errors -file /home/nguyea9/ee478/Core/fixed.vcdplus.vpd.tcl -ignore_errors} {gui_load_session -ignore_errors -file /home/nguyea9/ee478/Core/session.vcdplus.vpd.tcl -ignore_errors} {gui_load_session -ignore_errors -file /home/nguyea9/ee478/fpu/fp_add.tcl} {gui_load_session -ignore_errors -file /home/nguyea9/ee478/fpu/session.vcdplus.vpd.tcl}}
gui_set_state_value -category Layout -key child_console_size_x -value 2279
gui_set_state_value -category Layout -key child_console_size_y -value 227
gui_set_state_value -category Layout -key child_data_coltype -value 104
gui_set_state_value -category Layout -key child_data_colvalue -value 48
gui_set_state_value -category Layout -key child_data_colvariable -value 194
gui_set_state_value -category Layout -key child_data_docknewline -value false
gui_set_state_value -category Layout -key child_data_dockstate -value undocked
gui_set_state_value -category Layout -key child_data_pos_x -value {-2}
gui_set_state_value -category Layout -key child_data_pos_y -value {-15}
gui_set_state_value -category Layout -key child_data_showstate -value maximized
gui_set_state_value -category Layout -key child_data_size_x -value 300
gui_set_state_value -category Layout -key child_data_size_y -value 307
gui_set_state_value -category Layout -key child_hier_col3 -value {-1}
gui_set_state_value -category Layout -key child_hier_colhier -value 290
gui_set_state_value -category Layout -key child_hier_colpd -value 0
gui_set_state_value -category Layout -key child_hier_coltype -value 123
gui_set_state_value -category Layout -key child_hier_size_x -value 422
gui_set_state_value -category Layout -key child_hier_size_y -value 938
gui_set_state_value -category Layout -key child_source_docknewline -value false
gui_set_state_value -category Layout -key child_source_pos_x -value {-2}
gui_set_state_value -category Layout -key child_source_pos_y -value {-15}
gui_set_state_value -category Layout -key child_source_size_x -value 1861
gui_set_state_value -category Layout -key child_source_size_y -value 933
gui_set_state_value -category Layout -key child_wave_colname -value 395
gui_set_state_value -category Layout -key child_wave_colvalue -value 444
gui_set_state_value -category Layout -key child_wave_docknewline -value false
gui_set_state_value -category Layout -key child_wave_left -value 843
gui_set_state_value -category Layout -key child_wave_pos_x -value {-2}
gui_set_state_value -category Layout -key child_wave_pos_y -value {-15}
gui_set_state_value -category Layout -key child_wave_right -value 671
gui_set_state_value -category Layout -key child_wave_size_x -value 1005
gui_set_state_value -category Layout -key child_wave_size_y -value 516
gui_set_state_value -category Layout -key main_pos_x -value 380
gui_set_state_value -category Layout -key main_pos_y -value 307
gui_set_state_value -category Layout -key main_size_x -value 2659
gui_set_state_value -category Layout -key main_size_y -value 1553
gui_set_state_value -category Layout -key stand_source_child_docknewline -value false
gui_set_state_value -category Layout -key stand_source_child_size_x -value 364
gui_set_state_value -category Layout -key stand_source_child_size_y -value 294
gui_set_state_value -category Layout -key stand_wave_child_docknewline -value false
gui_set_state_value -category Layout -key stand_wave_child_pos_x -value {-2}
gui_set_state_value -category Layout -key stand_wave_child_pos_y -value {-15}
gui_set_state_value -category Layout -key stand_wave_child_size_x -value 1524
gui_set_state_value -category Layout -key stand_wave_child_size_y -value 684
gui_set_state_value -category Layout -key stand_wave_top_pos_x -value 612
gui_set_state_value -category Layout -key stand_wave_top_pos_y -value 101
gui_set_state_value -category Layout -key stand_wave_top_size_x -value 2131
gui_set_state_value -category Layout -key stand_wave_top_size_y -value 897
gui_create_state_key -category FindDialog -key m_pMatchCase -value_type bool -value false
gui_create_state_key -category FindDialog -key m_pMatchWord -value_type bool -value false
gui_create_state_key -category FindDialog -key m_pUseCombo -value_type string -value {}
gui_create_state_key -category FindDialog -key m_pWrapAround -value_type bool -value true
gui_create_state_key -category Widget_History -key TopLevel.1|qt_left_dock|DockWnd1|HSPane.1|pages|Hier.1|hbox|textfilter -value_type string -value {addr mem mem_model {}}
gui_create_state_key -category Widget_History -key TopLevel.1|qt_left_dock|DockWnd2|DLPane.1|pages|Data.1|hbox|textfilter -value_type string -value {rf *rf *addr}
gui_create_state_key -category Widget_History -key TopLevel.1|qt_left_dock|DockWnd4|DLPane.1|pages|Data.1|hbox|textfilter -value_type string -value {*which *wh}
gui_create_state_key -category Widget_History -key TopLevel.2|EkTopVbox|wndWorkspace|qt_workspacechild2|Wave.1|left|filterVBox|controlHBox|unnamed -value_type string -value *mem_model
gui_create_state_key -category Widget_History -key TopLevel.2|EkTopVbox|wndWorkspace|qt_workspacechild4|Wave.1|left|filterVBox|controlHBox|unnamed -value_type string -value *MEM
gui_state_default_create -off

# Begin command logging
gui_open_db -file vcdplus.vpd
gui_list_expand -id  Hier.1   fpuStim
gui_list_select -id Hier.1 -current_item_name fpuStim.dut -current_item_type Scope  -selected  { fpuStim.dut   }
gui_list_expand -id  Hier.1   fpuStim.dut
gui_list_select -id Hier.1 -current_item_name fpuStim.dut.divide -current_item_type Scope  -selected  { fpuStim.dut.divide   }
gui_list_expand -id  Hier.1   fpuStim.dut.divide
gui_list_select -id Hier.1 -current_item_name fpuStim -current_item_type Scope  -selected  { fpuStim   }
gui_list_select -id Hier.1 -current_item_name fpuStim.dut -current_item_type Scope  -selected  { fpuStim.dut   }
gui_open_window Wave
gui_list_add -id Wave.1 -from Hier.1 { fpuStim.dut } -insertionbar
gui_wv_zoom_timerange -id  Wave.1 0 351
gui_zoom -window Wave.1 -full
gui_list_select -id Wave.1 -selected  { {fpuStim.dut.op[1:0]}   }
gui_wv_zoom_timerange -id  Wave.1 0 45929791271
gui_wv_zoom_timerange -id  Wave.1 0 25163662239
gui_list_select -id Hier.1 -current_item_name fpuStim.dut.divide -current_item_type Scope  -selected  { fpuStim.dut.divide   }
gui_sg_create divide
gui_list_add_group -id  Wave.1   {divide} 
gui_list_add  -id  Wave.1   -after divide {{fpuStim.dut.divide}}
gui_list_select -id Wave.1 -selected  { {fpuStim.dut.divide.\intadd_4/n5 }   }
gui_wv_zoom_timerange -id  Wave.1 0 51500000000
gui_list_select -id Wave.1 -selected  { {fpuStim.dut.divide.quotient[15:0]}   }
gui_marker_move -id  Wave.1 C1 1500000000
gui_marker_move -id  Wave.1 C1 1500000000
gui_wv_zoom_timerange -id  Wave.1 1270398482 1759013283
gui_zoom -window Wave.1 -full
gui_marker_select -id  Wave.1 { C1 }
gui_marker_move -id  Wave.1 C1 1074952562
gui_zoom -window Wave.1 -factor 2
gui_zoom -window Wave.1 -factor 2
gui_wv_scroll_hslidermove -id  Wave.1 0
gui_wv_scroll_vslidermove -id  Wave.1 7998
gui_wv_scroll_vslidermove -id  Wave.1 13645
gui_wv_scroll_vslidermove -id  Wave.1 8688
gui_wv_scroll_vslidermove -id  Wave.1 6031
gui_wv_scroll_vslidermove -id  Wave.1 4855
gui_wv_scroll_vslidermove -id  Wave.1 4063
gui_wv_scroll_vslidermove -id  Wave.1 1763
gui_wv_scroll_vslidermove -id  Wave.1 2019
gui_wv_scroll_vslidermove -id  Wave.1 1840
